<?xml version="1.0" encoding="UTF-8"?>
<!-- Generated by org.testng.reporters.JUnitReportReporter -->
<testsuite hostname="DESKTOP-ASL64UJ" failures="0" tests="1" name="testclasses.LoginTest" time="4.385" errors="0" timestamp="2025-07-26T12:48:30 IST" skipped="0">
  <testcase classname="testclasses.LoginTest" name="verifyUrl" time="4.385"/>
</testsuite> <!-- testclasses.LoginTest -->
